------------------------------------------------------------------------------------------------------------------------------------------------------------------------------------------------------------------
      name:  <unnamed>
       log:  /bbkinghome/tadej/CF-Paper-replication/Tables/14_Tab_AAA_funding.log
  log type:  text
 opened on:  13 May 2019, 19:52:18

. tabstat a1r_cdat a1r_invdefat a1r_dwcat a1r_dincfat a1r_defat a1r_diat a1r_eiat a1r_extfin if year >=1971 & AAtoAAA0 == 1, s(mean) f("%8.3f") by(yeargroups) not

Summary statistics: mean
  by categories of: yeargroups 

yeargroups |  a1r_cdat  a1r_in~t  a1r_dw~t  a1r_din~  a1r_de~t  a1r_diat  a1r_eiat  a1r_ex~n
-----------+--------------------------------------------------------------------------------
         3 |     0.038     0.109     0.006     0.150     0.006     0.007    -0.000     0.006
         4 |     0.043     0.084     0.005     0.138    -0.007     0.004    -0.011    -0.007
         5 |     0.047     0.079     0.014     0.156    -0.019     0.003    -0.022    -0.019
         6 |     0.045     0.073     0.014     0.163    -0.027     0.004    -0.031    -0.027
         7 |     0.042     0.062     0.008     0.157    -0.030     0.011    -0.041    -0.030
         8 |     0.040     0.062     0.001     0.130    -0.023     0.006    -0.029    -0.023
--------------------------------------------------------------------------------------------

. tabstat a1r_cdat a1r_invdefat a1r_dwcat a1r_dincfat a1r_defat a1r_diat a1r_eiat a1r_extfin if year >=1971 & AAtoAAA0 == 0, s(mean) f("%8.3f") by(yeargroups) not

Summary statistics: mean
  by categories of: yeargroups 

yeargroups |  a1r_cdat  a1r_in~t  a1r_dw~t  a1r_din~  a1r_de~t  a1r_diat  a1r_eiat  a1r_ex~n
-----------+--------------------------------------------------------------------------------
         3 |     0.026     0.117     0.012     0.138     0.013     0.011     0.001     0.013
         4 |     0.022     0.078     0.006     0.100     0.002     0.003    -0.000     0.002
         5 |     0.019     0.089     0.018     0.118     0.006     0.017    -0.011     0.006
         6 |     0.014     0.066     0.019     0.100     0.001     0.006    -0.006     0.001
         7 |     0.017     0.074     0.015     0.112    -0.006     0.013    -0.020    -0.006
         8 |     0.021     0.070     0.015     0.111    -0.007     0.017    -0.025    -0.008
--------------------------------------------------------------------------------------------

. log close
      name:  <unnamed>
       log:  /bbkinghome/tadej/CF-Paper-replication/Tables/14_Tab_AAA_funding.log
  log type:  text
 closed on:  13 May 2019, 19:52:19
------------------------------------------------------------------------------------------------------------------------------------------------------------------------------------------------------------------
